[2020-03-02T08:22:13.934643-05:00] logger.ERROR: dimitry [] []
[2020-03-02T08:22:13.935698-05:00] logger.CRITICAL: dimitry [] []
[2020-03-02T08:22:13.935698-05:00] logger.CRITICAL: dimitry [] []
[2020-03-02T08:22:13.936845-05:00] logger.ALERT: dimitry [] []
[2020-03-02T08:22:13.936845-05:00] logger.ALERT: dimitry [] []
[2020-03-02T08:22:13.936845-05:00] logger.ALERT: dimitry [] []
[2020-03-02T08:22:13.937924-05:00] logger.EMERGENCY: dimitry [] []
[2020-03-02T08:22:13.937924-05:00] logger.EMERGENCY: dimitry [] []
[2020-03-02T08:22:13.937924-05:00] logger.EMERGENCY: dimitry [] []
[2020-03-02T08:22:17.662589-05:00] logger.ERROR: test123 [] []
[2020-03-02T08:22:17.663259-05:00] logger.CRITICAL: test123 [] []
[2020-03-02T08:22:17.663259-05:00] logger.CRITICAL: test123 [] []
[2020-03-02T08:22:17.664093-05:00] logger.ALERT: test123 [] []
[2020-03-02T08:22:17.664093-05:00] logger.ALERT: test123 [] []
[2020-03-02T08:22:17.664093-05:00] logger.ALERT: test123 [] []
[2020-03-02T08:22:17.664983-05:00] logger.EMERGENCY: test123 [] []
[2020-03-02T08:22:17.664983-05:00] logger.EMERGENCY: test123 [] []
[2020-03-02T08:22:17.664983-05:00] logger.EMERGENCY: test123 [] []
[2020-03-02T08:53:17.520879-05:00] logger.CRITICAL: blabla [] []
[2020-03-02T09:08:09.350520-05:00] logger.CRITICAL: blabla [] []
