[2020-03-02T08:10:29.024328-05:00] logger.WARNING: dimitry [] []
[2020-03-02T08:10:33.351397-05:00] logger.WARNING: dimitry [] []
[2020-03-02T08:10:36.753225-05:00] logger.WARNING: dimitry [] []
[2020-03-02T08:12:57.547428-05:00] logger.WARNING: dimitry [] []
[2020-03-02T08:13:20.418590-05:00] logger.WARNING: dree [] []
[2020-03-02T08:15:21.918294-05:00] logger.WARNING: test [] []
[2020-03-02T08:15:21.918845-05:00] logger.ERROR: test [] []
[2020-03-02T08:15:21.919133-05:00] logger.CRITICAL: test [] []
[2020-03-02T08:15:21.919614-05:00] logger.ALERT: test [] []
[2020-03-02T08:15:21.920392-05:00] logger.EMERGENCY: test [] []
[2020-03-02T08:16:47.261516-05:00] logger.WARNING: test [] []
[2020-03-02T08:16:47.264356-05:00] logger.ERROR: test [] []
[2020-03-02T08:16:47.264960-05:00] logger.CRITICAL: test [] []
[2020-03-02T08:16:47.265601-05:00] logger.ALERT: test [] []
[2020-03-02T08:16:47.266584-05:00] logger.EMERGENCY: test [] []
[2020-03-02T08:16:51.441690-05:00] logger.WARNING: dimitry [] []
[2020-03-02T08:16:51.442382-05:00] logger.ERROR: dimitry [] []
[2020-03-02T08:16:51.442835-05:00] logger.CRITICAL: dimitry [] []
[2020-03-02T08:16:51.443407-05:00] logger.ALERT: dimitry [] []
[2020-03-02T08:16:51.444148-05:00] logger.EMERGENCY: dimitry [] []
